Using pre-set license
Built from '2022.3/staging' branch; Version is '2022.3.21f1 (bf09ca542b87) revision 12519882'; Using compiler version '192829333'; Build Type 'Release'
OS: 'Windows 10  (10.0.19045) 64bit Education' Language: 'fr' Physical Memory: 7939 MB
BatchMode: 1, IsHumanControllingUs: 0, StartBugReporterOnCrash: 0, Is64bit: 1, IsPro: 1

COMMAND LINE ARGUMENTS:
C:\Program Files\Unity\Hub\Editor\2022.3.21f1\Editor\Unity.exe
-adb2
-batchMode
-noUpm
-name
AssetImportWorker1
-projectPath
C:/Users/ludane.sobjio/My project
-logFile
Logs/AssetImportWorker1.log
-srvPort
65133
Successfully changed project path to: C:/Users/ludane.sobjio/My project
C:/Users/ludane.sobjio/My project
[UnityMemory] Configuration Parameters - Can be set up in boot.config
    "memorysetup-bucket-allocator-granularity=16"
    "memorysetup-bucket-allocator-bucket-count=8"
    "memorysetup-bucket-allocator-block-size=33554432"
    "memorysetup-bucket-allocator-block-count=8"
    "memorysetup-main-allocator-block-size=16777216"
    "memorysetup-thread-allocator-block-size=16777216"
    "memorysetup-gfx-main-allocator-block-size=16777216"
    "memorysetup-gfx-thread-allocator-block-size=16777216"
    "memorysetup-cache-allocator-block-size=4194304"
    "memorysetup-typetree-allocator-block-size=2097152"
    "memorysetup-profiler-bucket-allocator-granularity=16"
    "memorysetup-profiler-bucket-allocator-bucket-count=8"
    "memorysetup-profiler-bucket-allocator-block-size=33554432"
    "memorysetup-profiler-bucket-allocator-block-count=8"
    "memorysetup-profiler-allocator-block-size=16777216"
    "memorysetup-profiler-editor-allocator-block-size=1048576"
    "memorysetup-temp-allocator-size-main=16777216"
    "memorysetup-job-temp-allocator-block-size=2097152"
    "memorysetup-job-temp-allocator-block-size-background=1048576"
    "memorysetup-job-temp-allocator-reduction-small-platforms=262144"
    "memorysetup-allocator-temp-initial-block-size-main=262144"
    "memorysetup-allocator-temp-initial-block-size-worker=262144"
    "memorysetup-temp-allocator-size-background-worker=32768"
    "memorysetup-temp-allocator-size-job-worker=262144"
    "memorysetup-temp-allocator-size-preload-manager=33554432"
    "memorysetup-temp-allocator-size-nav-mesh-worker=65536"
    "memorysetup-temp-allocator-size-audio-worker=65536"
    "memorysetup-temp-allocator-size-cloud-worker=32768"
    "memorysetup-temp-allocator-size-gi-baking-worker=262144"
    "memorysetup-temp-allocator-size-gfx=262144"
Player connection [16204] Host "[IP] 192.168.145.81 [Port] 0 [Flags] 2 [Guid] 1125918112 [EditorId] 1125918112 [Version] 1048832 [Id] WindowsEditor(7,SPETU-10208) [Debug] 1 [PackageName] WindowsEditor [ProjectName] Editor" joined multi-casting on [225.0.0.222:54997]...

Player connection [16204] Host "[IP] 192.168.145.81 [Port] 0 [Flags] 2 [Guid] 1125918112 [EditorId] 1125918112 [Version] 1048832 [Id] WindowsEditor(7,SPETU-10208) [Debug] 1 [PackageName] WindowsEditor [ProjectName] Editor" joined alternative multi-casting on [225.0.0.222:34997]...

[Physics::Module] Initialized MultithreadedJobDispatcher with 7 workers.
Refreshing native plugins compatible for Editor in 18.86 ms, found 3 plugins.
Preloading 0 native plugins for Editor in 0.00 ms.
Initialize engine version: 2022.3.21f1 (bf09ca542b87)
[Subsystems] Discovering subsystems at path C:/Program Files/Unity/Hub/Editor/2022.3.21f1/Editor/Data/Resources/UnitySubsystems
[Subsystems] Discovering subsystems at path C:/Users/ludane.sobjio/My project/Assets
GfxDevice: creating device client; threaded=0; jobified=0
Direct3D:
    Version:  Direct3D 11.0 [level 11.1]
    Renderer: NVIDIA GeForce MX250 (ID=0x1d13)
    Vendor:   NVIDIA
    VRAM:     1982 MB
    Driver:   31.0.15.3779
Initialize mono
Mono path[0] = 'C:/Program Files/Unity/Hub/Editor/2022.3.21f1/Editor/Data/Managed'
Mono path[1] = 'C:/Program Files/Unity/Hub/Editor/2022.3.21f1/Editor/Data/MonoBleedingEdge/lib/mono/unityjit-win32'
Mono config path = 'C:/Program Files/Unity/Hub/Editor/2022.3.21f1/Editor/Data/MonoBleedingEdge/etc'
Using monoOptions --debugger-agent=transport=dt_socket,embedding=1,server=y,suspend=n,address=127.0.0.1:56444
Begin MonoManager ReloadAssembly
Registering precompiled unity dll's ...
Register platform support module: C:/Program Files/Unity/Hub/Editor/2022.3.21f1/Editor/Data/PlaybackEngines/AndroidPlayer/UnityEditor.Android.Extensions.dll
Register platform support module: C:/Program Files/Unity/Hub/Editor/2022.3.21f1/Editor/Data/PlaybackEngines/WindowsStandaloneSupport/UnityEditor.WindowsStandalone.Extensions.dll
Registered in 0.026048 seconds.
- Loaded All Assemblies, in  1.014 seconds
Native extension for WindowsStandalone target not found
Native extension for Android target not found
Android Extension - Scanning For ADB Devices 1026 ms
Mono: successfully reloaded assembly
- Finished resetting the current domain, in  1.957 seconds
Domain Reload Profiling: 2967ms
	BeginReloadAssembly (295ms)
		ExecutionOrderSort (0ms)
		DisableScriptedObjects (0ms)
		BackupInstance (0ms)
		ReleaseScriptingObjects (0ms)
		CreateAndSetChildDomain (2ms)
	RebuildCommonClasses (97ms)
	RebuildNativeTypeToScriptingClass (29ms)
	initialDomainReloadingComplete (153ms)
	LoadAllAssembliesAndSetupDomain (436ms)
		LoadAssemblies (291ms)
		RebuildTransferFunctionScriptingTraits (0ms)
		AnalyzeDomain (430ms)
			TypeCache.Refresh (426ms)
				TypeCache.ScanAssembly (394ms)
			ScanForSourceGeneratedMonoScriptInfo (1ms)
			ResolveRequiredComponents (1ms)
	FinalizeReload (1958ms)
		ReleaseScriptCaches (0ms)
		RebuildScriptCaches (0ms)
		SetupLoadedEditorAssemblies (1809ms)
			LogAssemblyErrors (0ms)
			InitializePlatformSupportModulesInManaged (1364ms)
			SetLoadedEditorAssemblies (9ms)
			RefreshPlugins (0ms)
			BeforeProcessingInitializeOnLoad (5ms)
			ProcessInitializeOnLoadAttributes (307ms)
			ProcessInitializeOnLoadMethodAttributes (123ms)
			AfterProcessingInitializeOnLoad (0ms)
			EditorAssembliesLoaded (0ms)
		ExecutionOrderSort2 (0ms)
		AwakeInstancesAfterBackupRestoration (0ms)
========================================================================
Worker process is ready to serve import requests
Begin MonoManager ReloadAssembly
- Loaded All Assemblies, in  1.908 seconds
Refreshing native plugins compatible for Editor in 4.98 ms, found 3 plugins.
Native extension for WindowsStandalone target not found
Native extension for Android target not found
Package Manager log level set to [2]
[Package Manager] Server::EnsureServerProcessIsRunning -- launch failed, reason: Unity was launched with the -noUpm command-line argument
[Package Manager] UpmClient::Send -- Unable to send message (not connected to UPM process).
[Package Manager] Cannot connect to Unity Package Manager local server
Mono: successfully reloaded assembly
- Finished resetting the current domain, in  1.960 seconds
Domain Reload Profiling: 3861ms
	BeginReloadAssembly (438ms)
		ExecutionOrderSort (0ms)
		DisableScriptedObjects (13ms)
		BackupInstance (0ms)
		ReleaseScriptingObjects (0ms)
		CreateAndSetChildDomain (51ms)
	RebuildCommonClasses (101ms)
	RebuildNativeTypeToScriptingClass (31ms)
	initialDomainReloadingComplete (123ms)
	LoadAllAssembliesAndSetupDomain (1207ms)
		LoadAssemblies (969ms)
		RebuildTransferFunctionScriptingTraits (0ms)
		AnalyzeDomain (536ms)
			TypeCache.Refresh (470ms)
				TypeCache.ScanAssembly (430ms)
			ScanForSourceGeneratedMonoScriptInfo (36ms)
			ResolveRequiredComponents (27ms)
	FinalizeReload (1962ms)
		ReleaseScriptCaches (0ms)
		RebuildScriptCaches (0ms)
		SetupLoadedEditorAssemblies (1505ms)
			LogAssemblyErrors (0ms)
			InitializePlatformSupportModulesInManaged (62ms)
			SetLoadedEditorAssemblies (11ms)
			RefreshPlugins (0ms)
			BeforeProcessingInitializeOnLoad (158ms)
			ProcessInitializeOnLoadAttributes (1194ms)
			ProcessInitializeOnLoadMethodAttributes (58ms)
			AfterProcessingInitializeOnLoad (22ms)
			EditorAssembliesLoaded (0ms)
		ExecutionOrderSort2 (0ms)
		AwakeInstancesAfterBackupRestoration (20ms)
Launched and connected shader compiler UnityShaderCompiler.exe after 1.09 seconds
Refreshing native plugins compatible for Editor in 13.18 ms, found 3 plugins.
Preloading 0 native plugins for Editor in 0.00 ms.
Unloading 3118 Unused Serialized files (Serialized files now loaded: 0)
Unloading 32 unused Assets / (57.3 KB). Loaded Objects now: 3608.
Memory consumption went from 138.1 MB to 138.1 MB.
Total: 8.891300 ms (FindLiveObjects: 0.502000 ms CreateObjectMapping: 0.490900 ms MarkObjects: 7.697200 ms  DeleteObjects: 0.199300 ms)

AssetImportParameters requested are different than current active one (requested -> active):
  custom:container-demuxer-ogg: 62fdf1f143b41e24485cea50d1cbac27 -> 
  custom:video-decoder-ogg-theora: a1e56fd34408186e4bbccfd4996cb3dc -> 
  custom:framework-win-MediaFoundation: 216162199b28c13a410421893ffa2e32 -> 
  custom:CustomObjectIndexerAttribute: 9a22284fe3817be447336de3de66b15e -> 
  custom:container-demuxer-webm: 4f35f7cbe854078d1ac9338744f61a02 -> 
  custom:container-muxer-webm: aa71ff27fc2769a1b78a27578f13a17b -> 
  custom:video-decoder-webm-vp8: 9c59270c3fd7afecdb556c50c9e8de78 -> 
  custom:SearchIndexIgnoredProperties: e643bd26f0fe6173181afceb89e7c659 -> 
  custom:AudioImporter_EditorPlatform: d09bf68614088b80899f8185d706f6e7 -> 
  custom:video-encoder-webm-vp8: eb34c28f22e8b96e1ab97ce403110664 -> 
  custom:audio-decoder-ogg-vorbis: bf7c407c2cedff20999df2af8eb42d56 -> 
  custom:audio-encoder-webm-vorbis: bf7c407c2cedff20999df2af8eb42d56 -> 
========================================================================
Received Import Request.
  Time since last request: 3114.401952 seconds.
  path: Assets/Scenes/Patate.unity
  artifactKey: Guid(303dd6452d23f74448c33546b721c679) Importer(815301076,1909f56bfc062723c751e8b465ee728b)
Start importing Assets/Scenes/Patate.unity using Guid(303dd6452d23f74448c33546b721c679) Importer(815301076,1909f56bfc062723c751e8b465ee728b)  -> (artifact id: '6b1c2a34ebbddcf1fb277b13b4b27801') in 0.004438 seconds
Number of updated asset objects reloaded before import = 0
Number of asset objects unloaded after import = 0
========================================================================
Received Import Request.
  Time since last request: 2434.107986 seconds.
  path: Assets/Samples/Universal RP/14.0.10/URP Package Samples/SharedAssets/Materials/Yellow.mat
  artifactKey: Guid(df6219926368041ac926da7e3dbc92c7) Importer(815301076,1909f56bfc062723c751e8b465ee728b)
Start importing Assets/Samples/Universal RP/14.0.10/URP Package Samples/SharedAssets/Materials/Yellow.mat using Guid(df6219926368041ac926da7e3dbc92c7) Importer(815301076,1909f56bfc062723c751e8b465ee728b)  -> (artifact id: '26e7d90a0ff215b32980f5d26d442c43') in 1.090601 seconds
Number of updated asset objects reloaded before import = 0
Number of asset objects unloaded after import = 1
========================================================================
Received Import Request.
  Time since last request: 0.000369 seconds.
  path: Assets/FantasyEnvironments/Environments/Town/Materials/WoodenHouse.mat
  artifactKey: Guid(187e3a86d9543994591655cddac2db0a) Importer(815301076,1909f56bfc062723c751e8b465ee728b)
Start importing Assets/FantasyEnvironments/Environments/Town/Materials/WoodenHouse.mat using Guid(187e3a86d9543994591655cddac2db0a) Importer(815301076,1909f56bfc062723c751e8b465ee728b)  -> (artifact id: 'a0230d7781e2d32c98075a5aea72b64b') in 0.101738 seconds
Number of updated asset objects reloaded before import = 0
Number of asset objects unloaded after import = 2
========================================================================
Received Import Request.
  Time since last request: 0.662896 seconds.
  path: Assets/Samples/Universal RP/14.0.10/URP Package Samples/Shaders/Lit/Materials/WithOcclusion.mat
  artifactKey: Guid(615945db2db8246c39b806c45ece2fa7) Importer(815301076,1909f56bfc062723c751e8b465ee728b)
Start importing Assets/Samples/Universal RP/14.0.10/URP Package Samples/Shaders/Lit/Materials/WithOcclusion.mat using Guid(615945db2db8246c39b806c45ece2fa7) Importer(815301076,1909f56bfc062723c751e8b465ee728b)  -> (artifact id: 'c14773e338782324f4ccab7d86334bb9') in 0.070868 seconds
Number of updated asset objects reloaded before import = 0
Number of asset objects unloaded after import = 3
========================================================================
Received Import Request.
  Time since last request: 1.025658 seconds.
  path: Assets/Samples/Universal RP/14.0.10/URP Package Samples/Shaders/Lit/Materials/WithHeightMap.mat
  artifactKey: Guid(673fd4308d68a4e6eb452d59b21ff3d4) Importer(815301076,1909f56bfc062723c751e8b465ee728b)
Start importing Assets/Samples/Universal RP/14.0.10/URP Package Samples/Shaders/Lit/Materials/WithHeightMap.mat using Guid(673fd4308d68a4e6eb452d59b21ff3d4) Importer(815301076,1909f56bfc062723c751e8b465ee728b)  -> (artifact id: '06cd29a475a5d4ca91ec0337ea4bcd0b') in 0.040944 seconds
Number of updated asset objects reloaded before import = 0
Number of asset objects unloaded after import = 3
========================================================================
Received Import Request.
  Time since last request: 2.655847 seconds.
  path: Assets/FantasyEnvironments/Environments/Ambient-Occlusion-Trees/Materials/Willow_leaves.mat
  artifactKey: Guid(97b0db431770d9e459321d4a036c72d9) Importer(815301076,1909f56bfc062723c751e8b465ee728b)
Start importing Assets/FantasyEnvironments/Environments/Ambient-Occlusion-Trees/Materials/Willow_leaves.mat using Guid(97b0db431770d9e459321d4a036c72d9) Importer(815301076,1909f56bfc062723c751e8b465ee728b)  -> (artifact id: '5f19a8bfa8ab93034f918b93df7d7cfd') in 0.077694 seconds
Number of updated asset objects reloaded before import = 0
Number of asset objects unloaded after import = 2
========================================================================
Received Import Request.
  Time since last request: 2.350858 seconds.
  path: Assets/Samples/Universal RP/14.0.10/URP Package Samples/SharedAssets/Materials/White.mat
  artifactKey: Guid(ec1179175ec9b4c0c8faa41f6ee73a0a) Importer(815301076,1909f56bfc062723c751e8b465ee728b)
Start importing Assets/Samples/Universal RP/14.0.10/URP Package Samples/SharedAssets/Materials/White.mat using Guid(ec1179175ec9b4c0c8faa41f6ee73a0a) Importer(815301076,1909f56bfc062723c751e8b465ee728b)  -> (artifact id: 'f1db84a5211e1d33fa2d9519e0af097f') in 0.024372 seconds
Number of updated asset objects reloaded before import = 0
Number of asset objects unloaded after import = 1
========================================================================
Received Import Request.
  Time since last request: 1452.306826 seconds.
  path: Assets/Samples/Universal RP/14.0.10/URP Package Samples/Shaders/Lit/Prefabs/4Podium.prefab
  artifactKey: Guid(f6c633bbe2d20466fb1f016e0dd1f6cd) Importer(815301076,1909f56bfc062723c751e8b465ee728b)
Start importing Assets/Samples/Universal RP/14.0.10/URP Package Samples/Shaders/Lit/Prefabs/4Podium.prefab using Guid(f6c633bbe2d20466fb1f016e0dd1f6cd) Importer(815301076,1909f56bfc062723c751e8b465ee728b)  -> (artifact id: 'edf0f2fb1429fbb7b6c3c9d8cec7cbaa') in 0.135082 seconds
Number of updated asset objects reloaded before import = 0
Number of asset objects unloaded after import = 63
========================================================================
Received Import Request.
  Time since last request: 8.679634 seconds.
  path: Assets/Samples/Universal RP/14.0.10/URP Package Samples/LensFlares/LensFlarePresets/Anamorphic_Sci-Fi.asset
  artifactKey: Guid(cf0f5a43e97c04cc390b534001715eb2) Importer(815301076,1909f56bfc062723c751e8b465ee728b)
Start importing Assets/Samples/Universal RP/14.0.10/URP Package Samples/LensFlares/LensFlarePresets/Anamorphic_Sci-Fi.asset using Guid(cf0f5a43e97c04cc390b534001715eb2) Importer(815301076,1909f56bfc062723c751e8b465ee728b)  -> (artifact id: 'e08c169588ed70efbea5d40523bfe261') in 0.007106 seconds
Number of updated asset objects reloaded before import = 0
Number of asset objects unloaded after import = 1
========================================================================
Received Import Request.
  Time since last request: 226.528670 seconds.
  path: Assets/FantasyEnvironments/Environments/Ambient-Occlusion-Trees/Textures/Pine_bark.png
  artifactKey: Guid(a3904939c879c3b418dd77b69561edf3) Importer(815301076,1909f56bfc062723c751e8b465ee728b)
Start importing Assets/FantasyEnvironments/Environments/Ambient-Occlusion-Trees/Textures/Pine_bark.png using Guid(a3904939c879c3b418dd77b69561edf3) Importer(815301076,1909f56bfc062723c751e8b465ee728b)  -> (artifact id: '5723f91f70212c6c67058fc20d87a838') in 0.323020 seconds
Number of updated asset objects reloaded before import = 0
Number of asset objects unloaded after import = 2
